<?xml version="1.0" encoding="UTF-8"?>
<!-- Generated by org.testng.reporters.JUnitXMLReporter -->
<testsuite hostname="DESKTOP-ECP4HNJ" ignored="0" name="Test" tests="2" failures="1" timestamp="14 Jan 2018 12:23:07 GMT" time="21.209" errors="0">
  <testcase name="TestgoogleSearch" time="0.161" classname="com.google.tests.TestGoogleHomePage"/>
  <testcase name="googleSearch" time="0.015" classname="com.google.tests.GoogleHome">
    <failure type="java.lang.AssertionError" message="expected [Yahoo] but found [Google]">
      <![CDATA[java.lang.AssertionError: expected [Yahoo] but found [Google]
	at com.google.tests.GoogleHome.googleSearch(GoogleHome.java:11)
... Removed 31 stack frames]]>
    </failure>
  </testcase> <!-- googleSearch -->
</testsuite> <!-- Test -->
