<?xml version="1.0" encoding="UTF-8"?>
<testng-results skipped="0" failed="0" ignored="0" total="1" passed="1">
  <reporter-output>
  </reporter-output>
  <suite name="Default suite" duration-ms="1953" started-at="2020-01-12T16:31:15Z" finished-at="2020-01-12T16:31:17Z">
    <groups>
    </groups>
    <test name="Default test" duration-ms="1953" started-at="2020-01-12T16:31:15Z" finished-at="2020-01-12T16:31:17Z">
      <class name="com.google.tests.ExcelTest">
        <test-method status="PASS" signature="f()[pri:0, instance:com.google.tests.ExcelTest@5442a311]" name="f" duration-ms="1897" started-at="2020-01-12T16:31:15Z" finished-at="2020-01-12T16:31:17Z">
          <reporter-output>
          </reporter-output>
        </test-method> <!-- f -->
      </class> <!-- com.google.tests.ExcelTest -->
    </test> <!-- Default test -->
  </suite> <!-- Default suite -->
</testng-results>
