<?xml version="1.0" encoding="UTF-8"?>
<testsuite xmlns:xsi="http://www.w3.org/2001/XMLSchema-instance" xsi:noNamespaceSchemaLocation="https://maven.apache.org/surefire/maven-surefire-plugin/xsd/surefire-test-report.xsd" name="TestSuite" time="40.794" tests="2" errors="0" skipped="0" failures="0">
  <properties>
[...]
</properties>
  <testcase name="googleSearch" classname="com.google.tests.TestGoogleHomePage" time="29.557"/>
  <testcase name="googleSearch" classname="com.google.tests.GoogleHome" time="9.847"/>
</testsuite>