<?xml version="1.0" encoding="UTF-8"?>
<testng-results skipped="0" failed="0" ignored="0" total="2" passed="2">
  <reporter-output>
  </reporter-output>
  <suite name="Suite" duration-ms="39444" started-at="2017-11-20T17:41:57Z" finished-at="2017-11-20T17:42:36Z">
    <groups>
    </groups>
    <test name="Test" duration-ms="39444" started-at="2017-11-20T17:41:57Z" finished-at="2017-11-20T17:42:36Z">
      <class name="com.google.tests.GoogleHome">
        <test-method status="PASS" signature="googleSearch()[pri:0, instance:com.google.tests.GoogleHome@2acf57e3]" name="googleSearch" duration-ms="9850" started-at="2017-11-20T23:12:26Z" finished-at="2017-11-20T23:12:36Z">
          <reporter-output>
          </reporter-output>
        </test-method> <!-- googleSearch -->
      </class> <!-- com.google.tests.GoogleHome -->
      <class name="com.google.tests.TestGoogleHomePage">
        <test-method status="PASS" signature="googleSearch()[pri:0, instance:com.google.tests.TestGoogleHomePage@17f6480]" name="googleSearch" duration-ms="29558" started-at="2017-11-20T23:11:57Z" finished-at="2017-11-20T23:12:26Z">
          <reporter-output>
          </reporter-output>
        </test-method> <!-- googleSearch -->
      </class> <!-- com.google.tests.TestGoogleHomePage -->
    </test> <!-- Test -->
  </suite> <!-- Suite -->
</testng-results>
